  BT1.cpp
C:\Users\banba\OneDrive\Documents\BT1\BT1.cpp(9,13): warning C4566: character represented by universal-character-name '\u1EAD' cannot be represented in the current code page (1252)
C:\Users\banba\OneDrive\Documents\BT1\BT1.cpp(9,13): warning C4566: character represented by universal-character-name '\u1EF1' cannot be represented in the current code page (1252)
C:\Users\banba\OneDrive\Documents\BT1\BT1.cpp(9,13): warning C4566: character represented by universal-character-name '\u1ECD' cannot be represented in the current code page (1252)
C:\Users\banba\OneDrive\Documents\BT1\BT1.cpp(16,17): warning C4566: character represented by universal-character-name '\u1EAD' cannot be represented in the current code page (1252)
C:\Users\banba\OneDrive\Documents\BT1\BT1.cpp(16,17): warning C4566: character represented by universal-character-name '\u0103' cannot be represented in the current code page (1252)
C:\Users\banba\OneDrive\Documents\BT1\BT1.cpp(32,17): warning C4566: character represented by universal-character-name '\u1ED5' cannot be represented in the current code page (1252)
C:\Users\banba\OneDrive\Documents\BT1\BT1.cpp(32,17): warning C4566: character represented by universal-character-name '\u1EE7' cannot be represented in the current code page (1252)
C:\Users\banba\OneDrive\Documents\BT1\BT1.cpp(32,17): warning C4566: character represented by universal-character-name '\u1EA1' cannot be represented in the current code page (1252)
C:\Users\banba\OneDrive\Documents\BT1\BT1.cpp(32,55): warning C4566: character represented by universal-character-name '\u1ED5' cannot be represented in the current code page (1252)
C:\Users\banba\OneDrive\Documents\BT1\BT1.cpp(37,17): warning C4566: character represented by universal-character-name '\u1EAD' cannot be represented in the current code page (1252)
C:\Users\banba\OneDrive\Documents\BT1\BT1.cpp(37,17): warning C4566: character represented by universal-character-name '\u1ECD' cannot be represented in the current code page (1252)
C:\Users\banba\OneDrive\Documents\BT1\BT1.cpp(37,17): warning C4566: character represented by universal-character-name '\u1EE7' cannot be represented in the current code page (1252)
C:\Users\banba\OneDrive\Documents\BT1\BT1.cpp(37,17): warning C4566: character represented by universal-character-name '\u1EA1' cannot be represented in the current code page (1252)
C:\Users\banba\OneDrive\Documents\BT1\BT1.cpp(60,17): warning C4566: character represented by universal-character-name '\u1EBF' cannot be represented in the current code page (1252)
C:\Users\banba\OneDrive\Documents\BT1\BT1.cpp(60,17): warning C4566: character represented by universal-character-name '\u1EE7' cannot be represented in the current code page (1252)
C:\Users\banba\OneDrive\Documents\BT1\BT1.cpp(60,17): warning C4566: character represented by universal-character-name '\u1EA1' cannot be represented in the current code page (1252)
C:\Users\banba\OneDrive\Documents\BT1\BT1.cpp(65,17): warning C4566: character represented by universal-character-name '\u1EAD' cannot be represented in the current code page (1252)
C:\Users\banba\OneDrive\Documents\BT1\BT1.cpp(65,17): warning C4566: character represented by universal-character-name '\u1ED1' cannot be represented in the current code page (1252)
C:\Users\banba\OneDrive\Documents\BT1\BT1.cpp(65,17): warning C4566: character represented by universal-character-name '\u1EC1' cannot be represented in the current code page (1252)
  Generating code
  Previous IPDB not found, fall back to full compilation.
  All 122 functions were compiled because no usable IPDB/IOBJ from previous compilation was found.
  Finished generating code
  BT1.vcxproj -> C:\Users\banba\OneDrive\Documents\BT1\x64\Release\BT1.exe
